<?xml version="1.0" encoding="UTF-8"?>
<!-- Generated by org.testng.reporters.JUnitReportReporter -->
<testsuite hostname="LAPTOP-IU0714GQ" failures="0" tests="1" name="com.TestCase.TC_HRMAddEmployee_002" time="8.632" errors="0" timestamp="2022-02-09T17:34:25 IST" skipped="0">
  <testcase classname="com.TestCase.TC_HRMAddEmployee_002" name="AddEmployee" time="8.632"/>
  <system-out/>
</testsuite> <!-- com.TestCase.TC_HRMAddEmployee_002 -->
