<?xml version="1.0" encoding="UTF-8"?>
<!-- Generated by org.testng.reporters.JUnitReportReporter -->
<testsuite hostname="LAPTOP-IU0714GQ" failures="0" tests="1" name="com.TestCase.TC_HRMLogin_001" time="0.014" errors="0" timestamp="2022-02-09T18:17:01 IST" skipped="0">
  <testcase classname="com.TestCase.TC_HRMLogin_001" name="ValidatonLogin" time="0.014"/>
  <system-out/>
</testsuite> <!-- com.TestCase.TC_HRMLogin_001 -->
